# JRE version: OpenJDK Runtime Environment Temurin-17.0.17+10 (17.0.17+10) (build 17.0.17+10)
# Java VM: OpenJDK 64-Bit Server VM Temurin-17.0.17+10 (17.0.17+10, mixed mode, sharing, tiered, compressed oops, compressed class ptrs, g1 gc, windows-amd64)
GC Precious Log:
 CPUs: 4 total, 4 available
 Memory: 3819M
 Large Page Support: Disabled
 NUMA Support: Disabled
 Compressed Oops: Enabled (32-bit)
 Heap Region Size: 1M
 Heap Min Capacity: 8M
 Heap Initial Capacity: 60M
 Heap Max Capacity: 2G
 Pre-touch: Disabled
 Parallel Workers: 4
 Concurrent Workers: 1
 Concurrent Refinement Workers: 4
 Periodic GC: Disabled
Heap:
 garbage-first heap   total 321536K, used 217060K [0x0000000080000000, 0x0000000100000000)
  region size 1024K, 119 young (121856K), 20 survivors (20480K)
 Metaspace       used 102865K, committed 104064K, reserved 557056K
  class space    used 14449K, committed 15040K, reserved 425984K
GC Heap History (20 events):
Event: 28.784 GC heap before
{Heap before GC invocations=59 (full 0):
 garbage-first heap   total 134144K, used 85275K [0x0000000080000000, 0x0000000100000000)
  region size 1024K, 6 young (6144K), 5 survivors (5120K)
 Metaspace       used 74012K, committed 75072K, reserved 491520K
  class space    used 10556K, committed 11072K, reserved 425984K
}
Event: 28.791 GC heap after
{Heap after GC invocations=60 (full 0):
 garbage-first heap   total 134144K, used 84303K [0x0000000080000000, 0x0000000100000000)
  region size 1024K, 1 young (1024K), 1 survivors (1024K)
 Metaspace       used 74012K, committed 75072K, reserved 491520K
  class space    used 10556K, committed 11072K, reserved 425984K
}
Event: 30.374 GC heap before
{Heap before GC invocations=60 (full 0):
 garbage-first heap   total 134144K, used 111951K [0x0000000080000000, 0x0000000100000000)
  region size 1024K, 29 young (29696K), 1 survivors (1024K)
 Metaspace       used 76454K, committed 77568K, reserved 557056K
  class space    used 10821K, committed 11328K, reserved 425984K
}
Event: 30.404 GC heap after
{Heap after GC invocations=61 (full 0):
 garbage-first heap   total 134144K, used 84723K [0x0000000080000000, 0x0000000100000000)
  region size 1024K, 1 young (1024K), 1 survivors (1024K)
 Metaspace       used 76454K, committed 77568K, reserved 557056K
  class space    used 10821K, committed 11328K, reserved 425984K
}
Event: 33.388 GC heap before
{Heap before GC invocations=62 (full 0):
 garbage-first heap   total 148480K, used 117491K [0x0000000080000000, 0x0000000100000000)
  region size 1024K, 29 young (29696K), 1 survivors (1024K)
 Metaspace       used 78346K, committed 79424K, reserved 557056K
  class space    used 11059K, committed 11584K, reserved 425984K
}
Event: 33.393 GC heap after
{Heap after GC invocations=63 (full 0):
 garbage-first heap   total 148480K, used 89811K [0x0000000080000000, 0x0000000100000000)
  region size 1024K, 4 young (4096K), 4 survivors (4096K)
 Metaspace       used 78346K, committed 79424K, reserved 557056K
  class space    used 11059K, committed 11584K, reserved 425984K
}
Event: 33.574 GC heap before
{Heap before GC invocations=63 (full 0):
 garbage-first heap   total 148480K, used 92883K [0x0000000080000000, 0x0000000100000000)
  region size 1024K, 7 young (7168K), 4 survivors (4096K)
 Metaspace       used 78479K, committed 79488K, reserved 557056K
  class space    used 11091K, committed 11584K, reserved 425984K
}
Event: 33.584 GC heap after
{Heap after GC invocations=64 (full 0):
 garbage-first heap   total 148480K, used 90289K [0x0000000080000000, 0x0000000100000000)
  region size 1024K, 1 young (1024K), 1 survivors (1024K)
 Metaspace       used 78479K, committed 79488K, reserved 557056K
  class space    used 11091K, committed 11584K, reserved 425984K
}
Event: 34.966 GC heap before
{Heap before GC invocations=64 (full 0):
 garbage-first heap   total 148480K, used 123057K [0x0000000080000000, 0x0000000100000000)
  region size 1024K, 33 young (33792K), 1 survivors (1024K)
 Metaspace       used 80709K, committed 81792K, reserved 557056K
  class space    used 11372K, committed 11904K, reserved 425984K
}
Event: 34.969 GC heap after
{Heap after GC invocations=65 (full 0):
 garbage-first heap   total 148480K, used 91389K [0x0000000080000000, 0x0000000100000000)
  region size 1024K, 2 young (2048K), 2 survivors (2048K)
 Metaspace       used 80709K, committed 81792K, reserved 557056K
  class space    used 11372K, committed 11904K, reserved 425984K
}
Event: 36.464 GC heap before
{Heap before GC invocations=66 (full 0):
 garbage-first heap   total 160768K, used 126205K [0x0000000080000000, 0x0000000100000000)
  region size 1024K, 33 young (33792K), 2 survivors (2048K)
 Metaspace       used 82785K, committed 83904K, reserved 557056K
  class space    used 11642K, committed 12160K, reserved 425984K
}
Event: 36.469 GC heap after
{Heap after GC invocations=67 (full 0):
 garbage-first heap   total 160768K, used 95916K [0x0000000080000000, 0x0000000100000000)
  region size 1024K, 4 young (4096K), 4 survivors (4096K)
 Metaspace       used 82785K, committed 83904K, reserved 557056K
  class space    used 11642K, committed 12160K, reserved 425984K
}
Event: 36.519 GC heap before
{Heap before GC invocations=67 (full 0):
 garbage-first heap   total 160768K, used 98988K [0x0000000080000000, 0x0000000100000000)
  region size 1024K, 7 young (7168K), 4 survivors (4096K)
 Metaspace       used 83026K, committed 84160K, reserved 557056K
  class space    used 11682K, committed 12224K, reserved 425984K
}
Event: 36.523 GC heap after
{Heap after GC invocations=68 (full 0):
 garbage-first heap   total 160768K, used 96256K [0x0000000080000000, 0x0000000100000000)
  region size 1024K, 1 young (1024K), 1 survivors (1024K)
 Metaspace       used 83026K, committed 84160K, reserved 557056K
  class space    used 11682K, committed 12224K, reserved 425984K
}
Event: 37.056 GC heap before
{Heap before GC invocations=68 (full 0):
 garbage-first heap   total 160768K, used 134144K [0x0000000080000000, 0x0000000100000000)
  region size 1024K, 38 young (38912K), 1 survivors (1024K)
 Metaspace       used 85694K, committed 86784K, reserved 557056K
  class space    used 12033K, committed 12544K, reserved 425984K
}
Event: 37.059 GC heap after
{Heap after GC invocations=69 (full 0):
 garbage-first heap   total 321536K, used 96877K [0x0000000080000000, 0x0000000100000000)
  region size 1024K, 2 young (2048K), 2 survivors (2048K)
 Metaspace       used 85694K, committed 86784K, reserved 557056K
  class space    used 12033K, committed 12544K, reserved 425984K
}
Event: 39.394 GC heap before
{Heap before GC invocations=69 (full 0):
 garbage-first heap   total 321536K, used 246381K [0x0000000080000000, 0x0000000100000000)
  region size 1024K, 148 young (151552K), 2 survivors (2048K)
 Metaspace       used 93688K, committed 94848K, reserved 557056K
  class space    used 13252K, committed 13824K, reserved 425984K
}
Event: 39.407 GC heap after
{Heap after GC invocations=70 (full 0):
 garbage-first heap   total 321536K, used 103745K [0x0000000080000000, 0x0000000100000000)
  region size 1024K, 8 young (8192K), 8 survivors (8192K)
 Metaspace       used 93688K, committed 94848K, reserved 557056K
  class space    used 13252K, committed 13824K, reserved 425984K
}
Event: 41.984 GC heap before
{Heap before GC invocations=70 (full 0):
 garbage-first heap   total 321536K, used 254273K [0x0000000080000000, 0x0000000100000000)
  region size 1024K, 155 young (158720K), 8 survivors (8192K)
 Metaspace       used 102515K, committed 103680K, reserved 557056K
  class space    used 14415K, committed 14976K, reserved 425984K
}
Event: 42.031 GC heap after
{Heap after GC invocations=71 (full 0):
 garbage-first heap   total 321536K, used 115684K [0x0000000080000000, 0x0000000100000000)
  region size 1024K, 20 young (20480K), 20 survivors (20480K)
 Metaspace       used 102515K, committed 103680K, reserved 557056K
  class space    used 14415K, committed 14976K, reserved 425984K
}

