# JRE version: OpenJDK Runtime Environment Temurin-17.0.17+10 (17.0.17+10) (build 17.0.17+10)
# Java VM: OpenJDK 64-Bit Server VM Temurin-17.0.17+10 (17.0.17+10, mixed mode, sharing, tiered, compressed oops, compressed class ptrs, g1 gc, windows-amd64)
GC Precious Log:
 CPUs: 4 total, 4 available
 Memory: 3819M
 Large Page Support: Disabled
 NUMA Support: Disabled
 Compressed Oops: Enabled (32-bit)
 Heap Region Size: 1M
 Heap Min Capacity: 8M
 Heap Initial Capacity: 60M
 Heap Max Capacity: 2G
 Pre-touch: Disabled
 Parallel Workers: 4
 Concurrent Workers: 1
 Concurrent Refinement Workers: 4
 Periodic GC: Disabled
Heap:
 garbage-first heap   total 475136K, used 395367K [0x0000000080000000, 0x0000000100000000)
  region size 1024K, 3 young (3072K), 3 survivors (3072K)
 Metaspace       used 127240K, committed 129280K, reserved 557056K
  class space    used 17279K, committed 18304K, reserved 425984K
GC Heap History (20 events):
Event: 2099.852 GC heap after
{Heap after GC invocations=101 (full 0):
 garbage-first heap   total 475136K, used 374383K [0x0000000080000000, 0x0000000100000000)
  region size 1024K, 5 young (5120K), 5 survivors (5120K)
 Metaspace       used 120149K, committed 122176K, reserved 557056K
  class space    used 16493K, committed 17472K, reserved 425984K
}
Event: 2100.284 GC heap before
{Heap before GC invocations=101 (full 0):
 garbage-first heap   total 475136K, used 412271K [0x0000000080000000, 0x0000000100000000)
  region size 1024K, 43 young (44032K), 5 survivors (5120K)
 Metaspace       used 120194K, committed 122176K, reserved 557056K
  class space    used 16494K, committed 17472K, reserved 425984K
}
Event: 2100.309 GC heap after
{Heap after GC invocations=102 (full 0):
 garbage-first heap   total 475136K, used 380284K [0x0000000080000000, 0x0000000100000000)
  region size 1024K, 6 young (6144K), 6 survivors (6144K)
 Metaspace       used 120194K, committed 122176K, reserved 557056K
  class space    used 16494K, committed 17472K, reserved 425984K
}
Event: 2100.574 GC heap before
{Heap before GC invocations=102 (full 0):
 garbage-first heap   total 475136K, used 414076K [0x0000000080000000, 0x0000000100000000)
  region size 1024K, 39 young (39936K), 6 survivors (6144K)
 Metaspace       used 120232K, committed 122240K, reserved 557056K
  class space    used 16494K, committed 17472K, reserved 425984K
}
Event: 2100.606 GC heap after
{Heap after GC invocations=103 (full 0):
 garbage-first heap   total 475136K, used 383750K [0x0000000080000000, 0x0000000100000000)
  region size 1024K, 4 young (4096K), 4 survivors (4096K)
 Metaspace       used 120232K, committed 122240K, reserved 557056K
  class space    used 16494K, committed 17472K, reserved 425984K
}
Event: 2101.822 GC heap before
{Heap before GC invocations=103 (full 0):
 garbage-first heap   total 475136K, used 415494K [0x0000000080000000, 0x0000000100000000)
  region size 1024K, 35 young (35840K), 4 survivors (4096K)
 Metaspace       used 123409K, committed 125440K, reserved 557056K
  class space    used 16887K, committed 17856K, reserved 425984K
}
Event: 2101.841 GC heap after
{Heap after GC invocations=104 (full 0):
 garbage-first heap   total 475136K, used 386483K [0x0000000080000000, 0x0000000100000000)
  region size 1024K, 3 young (3072K), 3 survivors (3072K)
 Metaspace       used 123409K, committed 125440K, reserved 557056K
  class space    used 16887K, committed 17856K, reserved 425984K
}
Event: 2104.632 GC heap before
{Heap before GC invocations=104 (full 0):
 garbage-first heap   total 475136K, used 415155K [0x0000000080000000, 0x0000000100000000)
  region size 1024K, 32 young (32768K), 3 survivors (3072K)
 Metaspace       used 126639K, committed 128704K, reserved 557056K
  class space    used 17257K, committed 18304K, reserved 425984K
}
Event: 2104.651 GC heap after
{Heap after GC invocations=105 (full 0):
 garbage-first heap   total 475136K, used 388799K [0x0000000080000000, 0x0000000100000000)
  region size 1024K, 3 young (3072K), 3 survivors (3072K)
 Metaspace       used 126639K, committed 128704K, reserved 557056K
  class space    used 17257K, committed 18304K, reserved 425984K
}
Event: 2108.211 GC heap before
{Heap before GC invocations=105 (full 0):
 garbage-first heap   total 475136K, used 415423K [0x0000000080000000, 0x0000000100000000)
  region size 1024K, 30 young (30720K), 3 survivors (3072K)
 Metaspace       used 126936K, committed 129024K, reserved 557056K
  class space    used 17259K, committed 18304K, reserved 425984K
}
Event: 2108.221 GC heap after
{Heap after GC invocations=106 (full 0):
 garbage-first heap   total 475136K, used 389631K [0x0000000080000000, 0x0000000100000000)
  region size 1024K, 3 young (3072K), 3 survivors (3072K)
 Metaspace       used 126936K, committed 129024K, reserved 557056K
  class space    used 17259K, committed 18304K, reserved 425984K
}
Event: 2109.447 GC heap before
{Heap before GC invocations=106 (full 0):
 garbage-first heap   total 475136K, used 418303K [0x0000000080000000, 0x0000000100000000)
  region size 1024K, 31 young (31744K), 3 survivors (3072K)
 Metaspace       used 127108K, committed 129216K, reserved 557056K
  class space    used 17260K, committed 18304K, reserved 425984K
}
Event: 2109.461 GC heap after
{Heap after GC invocations=107 (full 0):
 garbage-first heap   total 475136K, used 390850K [0x0000000080000000, 0x0000000100000000)
  region size 1024K, 3 young (3072K), 3 survivors (3072K)
 Metaspace       used 127108K, committed 129216K, reserved 557056K
  class space    used 17260K, committed 18304K, reserved 425984K
}
Event: 2114.707 GC heap before
{Heap before GC invocations=107 (full 0):
 garbage-first heap   total 475136K, used 417474K [0x0000000080000000, 0x0000000100000000)
  region size 1024K, 30 young (30720K), 3 survivors (3072K)
 Metaspace       used 127164K, committed 129216K, reserved 557056K
  class space    used 17260K, committed 18304K, reserved 425984K
}
Event: 2114.997 GC heap after
{Heap after GC invocations=108 (full 0):
 garbage-first heap   total 475136K, used 390753K [0x0000000080000000, 0x0000000100000000)
  region size 1024K, 2 young (2048K), 2 survivors (2048K)
 Metaspace       used 127164K, committed 129216K, reserved 557056K
  class space    used 17260K, committed 18304K, reserved 425984K
}
Event: 2117.516 GC heap before
{Heap before GC invocations=108 (full 0):
 garbage-first heap   total 475136K, used 420449K [0x0000000080000000, 0x0000000100000000)
  region size 1024K, 30 young (30720K), 2 survivors (2048K)
 Metaspace       used 127233K, committed 129280K, reserved 557056K
  class space    used 17277K, committed 18304K, reserved 425984K
}
Event: 2117.601 GC heap after
{Heap after GC invocations=109 (full 0):
 garbage-first heap   total 475136K, used 394048K [0x0000000080000000, 0x0000000100000000)
  region size 1024K, 3 young (3072K), 3 survivors (3072K)
 Metaspace       used 127233K, committed 129280K, reserved 557056K
  class space    used 17277K, committed 18304K, reserved 425984K
}
Event: 2117.669 GC heap before
{Heap before GC invocations=109 (full 0):
 garbage-first heap   total 475136K, used 418624K [0x0000000080000000, 0x0000000100000000)
  region size 1024K, 28 young (28672K), 3 survivors (3072K)
 Metaspace       used 127233K, committed 129280K, reserved 557056K
  class space    used 17277K, committed 18304K, reserved 425984K
}
Event: 2117.738 GC heap after
{Heap after GC invocations=110 (full 0):
 garbage-first heap   total 475136K, used 394734K [0x0000000080000000, 0x0000000100000000)
  region size 1024K, 3 young (3072K), 3 survivors (3072K)
 Metaspace       used 127233K, committed 129280K, reserved 557056K
  class space    used 17277K, committed 18304K, reserved 425984K
}
Event: 2117.840 GC heap before
{Heap before GC invocations=110 (full 0):
 garbage-first heap   total 475136K, used 420334K [0x0000000080000000, 0x0000000100000000)
  region size 1024K, 29 young (29696K), 3 survivors (3072K)
 Metaspace       used 127240K, committed 129280K, reserved 557056K
  class space    used 17279K, committed 18304K, reserved 425984K
}

