# JRE version: OpenJDK Runtime Environment Temurin-17.0.17+10 (17.0.17+10) (build 17.0.17+10)
# Java VM: OpenJDK 64-Bit Server VM Temurin-17.0.17+10 (17.0.17+10, mixed mode, sharing, tiered, compressed oops, compressed class ptrs, g1 gc, windows-amd64)
GC Precious Log:
 CPUs: 4 total, 4 available
 Memory: 3819M
 Large Page Support: Disabled
 NUMA Support: Disabled
 Compressed Oops: Enabled (32-bit)
 Heap Region Size: 1M
 Heap Min Capacity: 8M
 Heap Initial Capacity: 60M
 Heap Max Capacity: 2G
 Pre-touch: Disabled
 Parallel Workers: 4
 Concurrent Workers: 1
 Concurrent Refinement Workers: 4
 Periodic GC: Disabled
Heap:
 garbage-first heap   total 346112K, used 187842K [0x0000000080000000, 0x0000000100000000)
  region size 1024K, 8 young (8192K), 8 survivors (8192K)
 Metaspace       used 107540K, committed 109248K, reserved 557056K
  class space    used 15150K, committed 16000K, reserved 425984K
GC Heap History (20 events):
Event: 32.073 GC heap after
{Heap after GC invocations=68 (full 0):
 garbage-first heap   total 174080K, used 99202K [0x0000000080000000, 0x0000000100000000)
  region size 1024K, 3 young (3072K), 3 survivors (3072K)
 Metaspace       used 87990K, committed 89024K, reserved 557056K
  class space    used 12363K, committed 12864K, reserved 425984K
}
Event: 32.505 GC heap before
{Heap before GC invocations=69 (full 0):
 garbage-first heap   total 193536K, used 140162K [0x0000000080000000, 0x0000000100000000)
  region size 1024K, 43 young (44032K), 3 survivors (3072K)
 Metaspace       used 89299K, committed 90496K, reserved 557056K
  class space    used 12538K, committed 13120K, reserved 425984K
}
Event: 32.511 GC heap after
{Heap after GC invocations=70 (full 0):
 garbage-first heap   total 193536K, used 102135K [0x0000000080000000, 0x0000000100000000)
  region size 1024K, 6 young (6144K), 6 survivors (6144K)
 Metaspace       used 89299K, committed 90496K, reserved 557056K
  class space    used 12538K, committed 13120K, reserved 425984K
}
Event: 32.539 GC heap before
{Heap before GC invocations=70 (full 0):
 garbage-first heap   total 193536K, used 105207K [0x0000000080000000, 0x0000000100000000)
  region size 1024K, 9 young (9216K), 6 survivors (6144K)
 Metaspace       used 89546K, committed 90688K, reserved 557056K
  class space    used 12571K, committed 13120K, reserved 425984K
}
Event: 32.548 GC heap after
{Heap after GC invocations=71 (full 0):
 garbage-first heap   total 346112K, used 102508K [0x0000000080000000, 0x0000000100000000)
  region size 1024K, 1 young (1024K), 1 survivors (1024K)
 Metaspace       used 89546K, committed 90688K, reserved 557056K
  class space    used 12571K, committed 13120K, reserved 425984K
}
Event: 34.792 GC heap before
{Heap before GC invocations=71 (full 0):
 garbage-first heap   total 346112K, used 245868K [0x0000000080000000, 0x0000000100000000)
  region size 1024K, 140 young (143360K), 1 survivors (1024K)
 Metaspace       used 98039K, committed 99264K, reserved 557056K
  class space    used 13857K, committed 14400K, reserved 425984K
}
Event: 34.823 GC heap after
{Heap after GC invocations=72 (full 0):
 garbage-first heap   total 346112K, used 106865K [0x0000000080000000, 0x0000000100000000)
  region size 1024K, 6 young (6144K), 6 survivors (6144K)
 Metaspace       used 98039K, committed 99264K, reserved 557056K
  class space    used 13857K, committed 14400K, reserved 425984K
}
Event: 50.076 GC heap before
{Heap before GC invocations=72 (full 0):
 garbage-first heap   total 346112K, used 278897K [0x0000000080000000, 0x0000000100000000)
  region size 1024K, 174 young (178176K), 6 survivors (6144K)
 Metaspace       used 102743K, committed 104000K, reserved 557056K
  class space    used 14439K, committed 15040K, reserved 425984K
}
Event: 50.182 GC heap after
{Heap after GC invocations=73 (full 0):
 garbage-first heap   total 346112K, used 119495K [0x0000000080000000, 0x0000000100000000)
  region size 1024K, 18 young (18432K), 18 survivors (18432K)
 Metaspace       used 102743K, committed 104000K, reserved 557056K
  class space    used 14439K, committed 15040K, reserved 425984K
}
Event: 68.193 GC heap before
{Heap before GC invocations=73 (full 0):
 garbage-first heap   total 346112K, used 275143K [0x0000000080000000, 0x0000000100000000)
  region size 1024K, 167 young (171008K), 18 survivors (18432K)
 Metaspace       used 104402K, committed 105792K, reserved 557056K
  class space    used 14679K, committed 15360K, reserved 425984K
}
Event: 68.431 GC heap after
{Heap after GC invocations=74 (full 0):
 garbage-first heap   total 346112K, used 135398K [0x0000000080000000, 0x0000000100000000)
  region size 1024K, 14 young (14336K), 14 survivors (14336K)
 Metaspace       used 104402K, committed 105792K, reserved 557056K
  class space    used 14679K, committed 15360K, reserved 425984K
}
Event: 72.875 GC heap before
{Heap before GC invocations=74 (full 0):
 garbage-first heap   total 346112K, used 282854K [0x0000000080000000, 0x0000000100000000)
  region size 1024K, 155 young (158720K), 14 survivors (14336K)
 Metaspace       used 106292K, committed 107840K, reserved 557056K
  class space    used 14947K, committed 15744K, reserved 425984K
}
Event: 73.064 GC heap after
{Heap after GC invocations=75 (full 0):
 garbage-first heap   total 346112K, used 156160K [0x0000000080000000, 0x0000000100000000)
  region size 1024K, 17 young (17408K), 17 survivors (17408K)
 Metaspace       used 106292K, committed 107840K, reserved 557056K
  class space    used 14947K, committed 15744K, reserved 425984K
}
Event: 78.573 GC heap before
{Heap before GC invocations=75 (full 0):
 garbage-first heap   total 346112K, used 286208K [0x0000000080000000, 0x0000000100000000)
  region size 1024K, 140 young (143360K), 17 survivors (17408K)
 Metaspace       used 106592K, committed 108160K, reserved 557056K
  class space    used 14974K, committed 15744K, reserved 425984K
}
Event: 78.677 GC heap after
{Heap after GC invocations=76 (full 0):
 garbage-first heap   total 346112K, used 171520K [0x0000000080000000, 0x0000000100000000)
  region size 1024K, 12 young (12288K), 12 survivors (12288K)
 Metaspace       used 106592K, committed 108160K, reserved 557056K
  class space    used 14974K, committed 15744K, reserved 425984K
}
Event: 83.113 GC heap before
{Heap before GC invocations=76 (full 0):
 garbage-first heap   total 346112K, used 285184K [0x0000000080000000, 0x0000000100000000)
  region size 1024K, 121 young (123904K), 12 survivors (12288K)
 Metaspace       used 107423K, committed 109120K, reserved 557056K
  class space    used 15123K, committed 15936K, reserved 425984K
}
Event: 83.469 GC heap after
{Heap after GC invocations=77 (full 0):
 garbage-first heap   total 346112K, used 182784K [0x0000000080000000, 0x0000000100000000)
  region size 1024K, 9 young (9216K), 9 survivors (9216K)
 Metaspace       used 107423K, committed 109120K, reserved 557056K
  class space    used 15123K, committed 15936K, reserved 425984K
}
Event: 83.928 GC heap before
{Heap before GC invocations=77 (full 0):
 garbage-first heap   total 346112K, used 285184K [0x0000000080000000, 0x0000000100000000)
  region size 1024K, 109 young (111616K), 9 survivors (9216K)
 Metaspace       used 107510K, committed 109248K, reserved 557056K
  class space    used 15145K, committed 16000K, reserved 425984K
}
Event: 83.947 GC heap after
{Heap after GC invocations=78 (full 0):
 garbage-first heap   total 346112K, used 186269K [0x0000000080000000, 0x0000000100000000)
  region size 1024K, 5 young (5120K), 5 survivors (5120K)
 Metaspace       used 107510K, committed 109248K, reserved 557056K
  class space    used 15145K, committed 16000K, reserved 425984K
}
Event: 99.311 GC heap before
{Heap before GC invocations=78 (full 0):
 garbage-first heap   total 346112K, used 288669K [0x0000000080000000, 0x0000000100000000)
  region size 1024K, 105 young (107520K), 5 survivors (5120K)
 Metaspace       used 107540K, committed 109248K, reserved 557056K
  class space    used 15150K, committed 16000K, reserved 425984K
}

