# JRE version: OpenJDK Runtime Environment Temurin-17.0.17+10 (17.0.17+10) (build 17.0.17+10)
# Java VM: OpenJDK 64-Bit Server VM Temurin-17.0.17+10 (17.0.17+10, mixed mode, sharing, tiered, compressed oops, compressed class ptrs, g1 gc, windows-amd64)
GC Precious Log:
 CPUs: 4 total, 4 available
 Memory: 3819M
 Large Page Support: Disabled
 NUMA Support: Disabled
 Compressed Oops: Enabled (32-bit)
 Heap Region Size: 1M
 Heap Min Capacity: 8M
 Heap Initial Capacity: 60M
 Heap Max Capacity: 2G
 Pre-touch: Disabled
 Parallel Workers: 4
 Concurrent Workers: 1
 Concurrent Refinement Workers: 4
 Periodic GC: Disabled
Heap:
 garbage-first heap   total 390144K, used 227950K [0x0000000080000000, 0x0000000100000000)
  region size 1024K, 39 young (39936K), 9 survivors (9216K)
 Metaspace       used 107585K, committed 109248K, reserved 557056K
  class space    used 15138K, committed 15936K, reserved 425984K
GC Heap History (20 events):
Event: 78.133 GC heap before
{Heap before GC invocations=60 (full 0):
 garbage-first heap   total 304128K, used 247296K [0x0000000080000000, 0x0000000100000000)
  region size 1024K, 108 young (110592K), 15 survivors (15360K)
 Metaspace       used 106251K, committed 107776K, reserved 557056K
  class space    used 14936K, committed 15680K, reserved 425984K
}
Event: 78.182 GC heap after
{Heap after GC invocations=61 (full 0):
 garbage-first heap   total 304128K, used 157696K [0x0000000080000000, 0x0000000100000000)
  region size 1024K, 5 young (5120K), 5 survivors (5120K)
 Metaspace       used 106251K, committed 107776K, reserved 557056K
  class space    used 14936K, committed 15680K, reserved 425984K
}
Event: 81.139 GC heap before
{Heap before GC invocations=61 (full 0):
 garbage-first heap   total 304128K, used 254976K [0x0000000080000000, 0x0000000100000000)
  region size 1024K, 96 young (98304K), 5 survivors (5120K)
 Metaspace       used 106559K, committed 108224K, reserved 557056K
  class space    used 14966K, committed 15744K, reserved 425984K
}
Event: 81.171 GC heap after
{Heap after GC invocations=62 (full 0):
 garbage-first heap   total 304128K, used 172544K [0x0000000080000000, 0x0000000100000000)
  region size 1024K, 12 young (12288K), 12 survivors (12288K)
 Metaspace       used 106559K, committed 108224K, reserved 557056K
  class space    used 14966K, committed 15744K, reserved 425984K
}
Event: 84.598 GC heap before
{Heap before GC invocations=62 (full 0):
 garbage-first heap   total 304128K, used 252416K [0x0000000080000000, 0x0000000100000000)
  region size 1024K, 88 young (90112K), 12 survivors (12288K)
 Metaspace       used 107299K, committed 108928K, reserved 557056K
  class space    used 15097K, committed 15872K, reserved 425984K
}
Event: 84.647 GC heap after
{Heap after GC invocations=63 (full 0):
 garbage-first heap   total 304128K, used 183429K [0x0000000080000000, 0x0000000100000000)
  region size 1024K, 8 young (8192K), 8 survivors (8192K)
 Metaspace       used 107299K, committed 108928K, reserved 557056K
  class space    used 15097K, committed 15872K, reserved 425984K
}
Event: 85.451 GC heap before
{Heap before GC invocations=63 (full 0):
 garbage-first heap   total 304128K, used 251013K [0x0000000080000000, 0x0000000100000000)
  region size 1024K, 75 young (76800K), 8 survivors (8192K)
 Metaspace       used 107485K, committed 109120K, reserved 557056K
  class space    used 15129K, committed 15936K, reserved 425984K
}
Event: 85.471 GC heap after
{Heap after GC invocations=64 (full 0):
 garbage-first heap   total 304128K, used 186120K [0x0000000080000000, 0x0000000100000000)
  region size 1024K, 3 young (3072K), 3 survivors (3072K)
 Metaspace       used 107485K, committed 109120K, reserved 557056K
  class space    used 15129K, committed 15936K, reserved 425984K
}
Event: 85.863 GC heap before
{Heap before GC invocations=64 (full 0):
 garbage-first heap   total 304128K, used 254728K [0x0000000080000000, 0x0000000100000000)
  region size 1024K, 71 young (72704K), 3 survivors (3072K)
 Metaspace       used 107489K, committed 109120K, reserved 557056K
  class space    used 15129K, committed 15936K, reserved 425984K
}
Event: 85.889 GC heap after
{Heap after GC invocations=65 (full 0):
 garbage-first heap   total 304128K, used 187879K [0x0000000080000000, 0x0000000100000000)
  region size 1024K, 5 young (5120K), 5 survivors (5120K)
 Metaspace       used 107489K, committed 109120K, reserved 557056K
  class space    used 15129K, committed 15936K, reserved 425984K
}
Event: 86.337 GC heap before
{Heap before GC invocations=65 (full 0):
 garbage-first heap   total 304128K, used 257511K [0x0000000080000000, 0x0000000100000000)
  region size 1024K, 73 young (74752K), 5 survivors (5120K)
 Metaspace       used 107489K, committed 109120K, reserved 557056K
  class space    used 15129K, committed 15936K, reserved 425984K
}
Event: 86.343 GC heap after
{Heap after GC invocations=66 (full 0):
 garbage-first heap   total 304128K, used 191090K [0x0000000080000000, 0x0000000100000000)
  region size 1024K, 8 young (8192K), 8 survivors (8192K)
 Metaspace       used 107489K, committed 109120K, reserved 557056K
  class space    used 15129K, committed 15936K, reserved 425984K
}
Event: 114.534 GC heap before
{Heap before GC invocations=66 (full 0):
 garbage-first heap   total 304128K, used 259698K [0x0000000080000000, 0x0000000100000000)
  region size 1024K, 75 young (76800K), 8 survivors (8192K)
 Metaspace       used 107501K, committed 109248K, reserved 557056K
  class space    used 15129K, committed 15936K, reserved 425984K
}
Event: 114.753 GC heap after
{Heap after GC invocations=67 (full 0):
 garbage-first heap   total 304128K, used 193634K [0x0000000080000000, 0x0000000100000000)
  region size 1024K, 9 young (9216K), 9 survivors (9216K)
 Metaspace       used 107501K, committed 109248K, reserved 557056K
  class space    used 15129K, committed 15936K, reserved 425984K
}
Event: 116.081 GC heap before
{Heap before GC invocations=67 (full 0):
 garbage-first heap   total 304128K, used 259170K [0x0000000080000000, 0x0000000100000000)
  region size 1024K, 72 young (73728K), 9 survivors (9216K)
 Metaspace       used 107506K, committed 109248K, reserved 557056K
  class space    used 15130K, committed 15936K, reserved 425984K
}
Event: 116.170 GC heap after
{Heap after GC invocations=68 (full 0):
 garbage-first heap   total 304128K, used 196346K [0x0000000080000000, 0x0000000100000000)
  region size 1024K, 4 young (4096K), 4 survivors (4096K)
 Metaspace       used 107506K, committed 109248K, reserved 557056K
  class space    used 15130K, committed 15936K, reserved 425984K
}
Event: 116.729 GC heap before
{Heap before GC invocations=68 (full 0):
 garbage-first heap   total 304128K, used 258810K [0x0000000080000000, 0x0000000100000000)
  region size 1024K, 66 young (67584K), 4 survivors (4096K)
 Metaspace       used 107515K, committed 109248K, reserved 557056K
  class space    used 15130K, committed 15936K, reserved 425984K
}
Event: 116.740 GC heap after
{Heap after GC invocations=69 (full 0):
 garbage-first heap   total 390144K, used 197151K [0x0000000080000000, 0x0000000100000000)
  region size 1024K, 5 young (5120K), 5 survivors (5120K)
 Metaspace       used 107515K, committed 109248K, reserved 557056K
  class space    used 15130K, committed 15936K, reserved 425984K
}
Event: 119.376 GC heap before
{Heap before GC invocations=69 (full 0):
 garbage-first heap   total 390144K, used 331295K [0x0000000080000000, 0x0000000100000000)
  region size 1024K, 136 young (139264K), 5 survivors (5120K)
 Metaspace       used 107537K, committed 109248K, reserved 557056K
  class space    used 15130K, committed 15936K, reserved 425984K
}
Event: 119.395 GC heap after
{Heap after GC invocations=70 (full 0):
 garbage-first heap   total 390144K, used 199278K [0x0000000080000000, 0x0000000100000000)
  region size 1024K, 9 young (9216K), 9 survivors (9216K)
 Metaspace       used 107537K, committed 109248K, reserved 557056K
  class space    used 15130K, committed 15936K, reserved 425984K
}

