# JRE version: OpenJDK Runtime Environment Temurin-17.0.17+10 (17.0.17+10) (build 17.0.17+10)
# Java VM: OpenJDK 64-Bit Server VM Temurin-17.0.17+10 (17.0.17+10, mixed mode, sharing, tiered, compressed oops, compressed class ptrs, g1 gc, windows-amd64)
GC Precious Log:
 CPUs: 4 total, 4 available
 Memory: 3819M
 Large Page Support: Disabled
 NUMA Support: Disabled
 Compressed Oops: Enabled (32-bit)
 Heap Region Size: 1M
 Heap Min Capacity: 8M
 Heap Initial Capacity: 60M
 Heap Max Capacity: 2G
 Pre-touch: Disabled
 Parallel Workers: 4
 Concurrent Workers: 1
 Concurrent Refinement Workers: 4
 Periodic GC: Disabled
Heap:
 garbage-first heap   total 319488K, used 158329K [0x0000000080000000, 0x0000000100000000)
  region size 1024K, 3 young (3072K), 3 survivors (3072K)
 Metaspace       used 106094K, committed 107648K, reserved 557056K
  class space    used 14938K, committed 15744K, reserved 425984K
GC Heap History (20 events):
Event: 26.382 GC heap after
{Heap after GC invocations=50 (full 0):
 garbage-first heap   total 319488K, used 91659K [0x0000000080000000, 0x0000000100000000)
  region size 1024K, 2 young (2048K), 2 survivors (2048K)
 Metaspace       used 80386K, committed 81536K, reserved 557056K
  class space    used 11337K, committed 11840K, reserved 425984K
}
Event: 28.638 GC heap before
{Heap before GC invocations=51 (full 0):
 garbage-first heap   total 319488K, used 218635K [0x0000000080000000, 0x0000000100000000)
  region size 1024K, 124 young (126976K), 2 survivors (2048K)
 Metaspace       used 88085K, committed 89216K, reserved 557056K
  class space    used 12369K, committed 12928K, reserved 425984K
}
Event: 28.653 GC heap after
{Heap after GC invocations=52 (full 0):
 garbage-first heap   total 319488K, used 100269K [0x0000000080000000, 0x0000000100000000)
  region size 1024K, 7 young (7168K), 7 survivors (7168K)
 Metaspace       used 88085K, committed 89216K, reserved 557056K
  class space    used 12369K, committed 12928K, reserved 425984K
}
Event: 28.723 GC heap before
{Heap before GC invocations=52 (full 0):
 garbage-first heap   total 319488K, used 108461K [0x0000000080000000, 0x0000000100000000)
  region size 1024K, 15 young (15360K), 7 survivors (7168K)
 Metaspace       used 88137K, committed 89280K, reserved 557056K
  class space    used 12375K, committed 12928K, reserved 425984K
}
Event: 28.737 GC heap after
{Heap after GC invocations=53 (full 0):
 garbage-first heap   total 319488K, used 101248K [0x0000000080000000, 0x0000000100000000)
  region size 1024K, 2 young (2048K), 2 survivors (2048K)
 Metaspace       used 88137K, committed 89280K, reserved 557056K
  class space    used 12375K, committed 12928K, reserved 425984K
}
Event: 30.697 GC heap before
{Heap before GC invocations=53 (full 0):
 garbage-first heap   total 319488K, used 245632K [0x0000000080000000, 0x0000000100000000)
  region size 1024K, 142 young (145408K), 2 survivors (2048K)
 Metaspace       used 96544K, committed 97728K, reserved 557056K
  class space    used 13629K, committed 14208K, reserved 425984K
}
Event: 30.713 GC heap after
{Heap after GC invocations=54 (full 0):
 garbage-first heap   total 319488K, used 105819K [0x0000000080000000, 0x0000000100000000)
  region size 1024K, 6 young (6144K), 6 survivors (6144K)
 Metaspace       used 96544K, committed 97728K, reserved 557056K
  class space    used 13629K, committed 14208K, reserved 425984K
}
Event: 35.999 GC heap before
{Heap before GC invocations=54 (full 0):
 garbage-first heap   total 319488K, used 249179K [0x0000000080000000, 0x0000000100000000)
  region size 1024K, 147 young (150528K), 6 survivors (6144K)
 Metaspace       used 102664K, committed 103872K, reserved 557056K
  class space    used 14416K, committed 14976K, reserved 425984K
}
Event: 36.023 GC heap after
{Heap after GC invocations=55 (full 0):
 garbage-first heap   total 319488K, used 117271K [0x0000000080000000, 0x0000000100000000)
  region size 1024K, 17 young (17408K), 17 survivors (17408K)
 Metaspace       used 102664K, committed 103872K, reserved 557056K
  class space    used 14416K, committed 14976K, reserved 425984K
}
Event: 42.704 GC heap before
{Heap before GC invocations=55 (full 0):
 garbage-first heap   total 319488K, used 255511K [0x0000000080000000, 0x0000000100000000)
  region size 1024K, 149 young (152576K), 17 survivors (17408K)
 Metaspace       used 104337K, committed 105728K, reserved 557056K
  class space    used 14662K, committed 15296K, reserved 425984K
}
Event: 43.473 GC heap after
{Heap after GC invocations=56 (full 0):
 garbage-first heap   total 319488K, used 134155K [0x0000000080000000, 0x0000000100000000)
  region size 1024K, 15 young (15360K), 15 survivors (15360K)
 Metaspace       used 104337K, committed 105728K, reserved 557056K
  class space    used 14662K, committed 15296K, reserved 425984K
}
Event: 43.488 GC heap before
{Heap before GC invocations=56 (full 0):
 garbage-first heap   total 319488K, used 135179K [0x0000000080000000, 0x0000000100000000)
  region size 1024K, 16 young (16384K), 15 survivors (15360K)
 Metaspace       used 104338K, committed 105728K, reserved 557056K
  class space    used 14662K, committed 15296K, reserved 425984K
}
Event: 43.575 GC heap after
{Heap after GC invocations=57 (full 0):
 garbage-first heap   total 319488K, used 136704K [0x0000000080000000, 0x0000000100000000)
  region size 1024K, 2 young (2048K), 2 survivors (2048K)
 Metaspace       used 104338K, committed 105728K, reserved 557056K
  class space    used 14662K, committed 15296K, reserved 425984K
}
Event: 45.471 GC heap before
{Heap before GC invocations=57 (full 0):
 garbage-first heap   total 319488K, used 217600K [0x0000000080000000, 0x0000000100000000)
  region size 1024K, 82 young (83968K), 2 survivors (2048K)
 Metaspace       used 104469K, committed 105920K, reserved 557056K
  class space    used 14684K, committed 15360K, reserved 425984K
}
Event: 45.545 GC heap after
{Heap after GC invocations=58 (full 0):
 garbage-first heap   total 319488K, used 137511K [0x0000000080000000, 0x0000000100000000)
  region size 1024K, 3 young (3072K), 3 survivors (3072K)
 Metaspace       used 104469K, committed 105920K, reserved 557056K
  class space    used 14684K, committed 15360K, reserved 425984K
}
Event: 56.455 GC heap before
{Heap before GC invocations=59 (full 0):
 garbage-first heap   total 319488K, used 264487K [0x0000000080000000, 0x0000000100000000)
  region size 1024K, 124 young (126976K), 3 survivors (3072K)
 Metaspace       used 106091K, committed 107648K, reserved 557056K
  class space    used 14938K, committed 15744K, reserved 425984K
}
Event: 56.644 GC heap after
{Heap after GC invocations=60 (full 0):
 garbage-first heap   total 319488K, used 156672K [0x0000000080000000, 0x0000000100000000)
  region size 1024K, 16 young (16384K), 16 survivors (16384K)
 Metaspace       used 106091K, committed 107648K, reserved 557056K
  class space    used 14938K, committed 15744K, reserved 425984K
}
Event: 56.680 GC heap before
{Heap before GC invocations=60 (full 0):
 garbage-first heap   total 319488K, used 157696K [0x0000000080000000, 0x0000000100000000)
  region size 1024K, 17 young (17408K), 16 survivors (16384K)
 Metaspace       used 106091K, committed 107648K, reserved 557056K
  class space    used 14938K, committed 15744K, reserved 425984K
}
Event: 57.117 GC heap after
{Heap after GC invocations=61 (full 0):
 garbage-first heap   total 319488K, used 157298K [0x0000000080000000, 0x0000000100000000)
  region size 1024K, 2 young (2048K), 2 survivors (2048K)
 Metaspace       used 106091K, committed 107648K, reserved 557056K
  class space    used 14938K, committed 15744K, reserved 425984K
}
Event: 59.374 GC heap before
{Heap before GC invocations=61 (full 0):
 garbage-first heap   total 319488K, used 231026K [0x0000000080000000, 0x0000000100000000)
  region size 1024K, 75 young (76800K), 2 survivors (2048K)
 Metaspace       used 106094K, committed 107648K, reserved 557056K
  class space    used 14938K, committed 15744K, reserved 425984K
}

