# JRE version: OpenJDK Runtime Environment Temurin-17.0.17+10 (17.0.17+10) (build 17.0.17+10)
# Java VM: OpenJDK 64-Bit Server VM Temurin-17.0.17+10 (17.0.17+10, mixed mode, sharing, tiered, compressed oops, compressed class ptrs, g1 gc, windows-amd64)
GC Precious Log:
 CPUs: 4 total, 4 available
 Memory: 3819M
 Large Page Support: Disabled
 NUMA Support: Disabled
 Compressed Oops: Enabled (32-bit)
 Heap Region Size: 1M
 Heap Min Capacity: 8M
 Heap Initial Capacity: 60M
 Heap Max Capacity: 2G
 Pre-touch: Disabled
 Parallel Workers: 4
 Concurrent Workers: 1
 Concurrent Refinement Workers: 4
 Periodic GC: Disabled
Heap:
 garbage-first heap   total 295936K, used 247714K [0x0000000080000000, 0x0000000100000000)
  region size 1024K, 65 young (66560K), 6 survivors (6144K)
 Metaspace       used 107239K, committed 108864K, reserved 557056K
  class space    used 15135K, committed 15936K, reserved 425984K
GC Heap History (20 events):
Event: 34.638 GC heap before
{Heap before GC invocations=48 (full 0):
 garbage-first heap   total 280576K, used 183807K [0x0000000080000000, 0x0000000100000000)
  region size 1024K, 51 young (52224K), 7 survivors (7168K)
 Metaspace       used 104476K, committed 105920K, reserved 557056K
  class space    used 14683K, committed 15424K, reserved 425984K
}
Event: 34.651 GC heap after
{Heap after GC invocations=49 (full 0):
 garbage-first heap   total 280576K, used 142781K [0x0000000080000000, 0x0000000100000000)
  region size 1024K, 2 young (2048K), 2 survivors (2048K)
 Metaspace       used 104476K, committed 105920K, reserved 557056K
  class space    used 14683K, committed 15424K, reserved 425984K
}
Event: 36.477 GC heap before
{Heap before GC invocations=50 (full 0):
 garbage-first heap   total 280576K, used 230845K [0x0000000080000000, 0x0000000100000000)
  region size 1024K, 88 young (90112K), 2 survivors (2048K)
 Metaspace       used 106023K, committed 107520K, reserved 557056K
  class space    used 14930K, committed 15680K, reserved 425984K
}
Event: 36.493 GC heap after
{Heap after GC invocations=51 (full 0):
 garbage-first heap   total 280576K, used 157014K [0x0000000080000000, 0x0000000100000000)
  region size 1024K, 11 young (11264K), 11 survivors (11264K)
 Metaspace       used 106023K, committed 107520K, reserved 557056K
  class space    used 14930K, committed 15680K, reserved 425984K
}
Event: 36.541 GC heap before
{Heap before GC invocations=51 (full 0):
 garbage-first heap   total 280576K, used 159062K [0x0000000080000000, 0x0000000100000000)
  region size 1024K, 13 young (13312K), 11 survivors (11264K)
 Metaspace       used 106033K, committed 107520K, reserved 557056K
  class space    used 14930K, committed 15680K, reserved 425984K
}
Event: 36.556 GC heap after
{Heap after GC invocations=52 (full 0):
 garbage-first heap   total 280576K, used 157223K [0x0000000080000000, 0x0000000100000000)
  region size 1024K, 2 young (2048K), 2 survivors (2048K)
 Metaspace       used 106033K, committed 107520K, reserved 557056K
  class space    used 14930K, committed 15680K, reserved 425984K
}
Event: 37.143 GC heap before
{Heap before GC invocations=52 (full 0):
 garbage-first heap   total 280576K, used 228903K [0x0000000080000000, 0x0000000100000000)
  region size 1024K, 73 young (74752K), 2 survivors (2048K)
 Metaspace       used 106061K, committed 107584K, reserved 557056K
  class space    used 14930K, committed 15680K, reserved 425984K
}
Event: 37.150 GC heap after
{Heap after GC invocations=53 (full 0):
 garbage-first heap   total 280576K, used 159425K [0x0000000080000000, 0x0000000100000000)
  region size 1024K, 4 young (4096K), 4 survivors (4096K)
 Metaspace       used 106061K, committed 107584K, reserved 557056K
  class space    used 14930K, committed 15680K, reserved 425984K
}
Event: 38.601 GC heap before
{Heap before GC invocations=54 (full 0):
 garbage-first heap   total 295936K, used 235201K [0x0000000080000000, 0x0000000100000000)
  region size 1024K, 74 young (75776K), 4 survivors (4096K)
 Metaspace       used 106324K, committed 107904K, reserved 557056K
  class space    used 14956K, committed 15744K, reserved 425984K
}
Event: 38.618 GC heap after
{Heap after GC invocations=55 (full 0):
 garbage-first heap   total 295936K, used 173357K [0x0000000080000000, 0x0000000100000000)
  region size 1024K, 10 young (10240K), 10 survivors (10240K)
 Metaspace       used 106324K, committed 107904K, reserved 557056K
  class space    used 14956K, committed 15744K, reserved 425984K
}
Event: 38.667 GC heap before
{Heap before GC invocations=55 (full 0):
 garbage-first heap   total 295936K, used 176429K [0x0000000080000000, 0x0000000100000000)
  region size 1024K, 14 young (14336K), 10 survivors (10240K)
 Metaspace       used 106324K, committed 107904K, reserved 557056K
  class space    used 14956K, committed 15744K, reserved 425984K
}
Event: 38.681 GC heap after
{Heap after GC invocations=56 (full 0):
 garbage-first heap   total 295936K, used 173447K [0x0000000080000000, 0x0000000100000000)
  region size 1024K, 1 young (1024K), 1 survivors (1024K)
 Metaspace       used 106324K, committed 107904K, reserved 557056K
  class space    used 14956K, committed 15744K, reserved 425984K
}
Event: 39.689 GC heap before
{Heap before GC invocations=56 (full 0):
 garbage-first heap   total 295936K, used 244103K [0x0000000080000000, 0x0000000100000000)
  region size 1024K, 70 young (71680K), 1 survivors (1024K)
 Metaspace       used 106689K, committed 108352K, reserved 557056K
  class space    used 15030K, committed 15808K, reserved 425984K
}
Event: 39.698 GC heap after
{Heap after GC invocations=57 (full 0):
 garbage-first heap   total 295936K, used 176519K [0x0000000080000000, 0x0000000100000000)
  region size 1024K, 4 young (4096K), 4 survivors (4096K)
 Metaspace       used 106689K, committed 108352K, reserved 557056K
  class space    used 15030K, committed 15808K, reserved 425984K
}
Event: 43.721 GC heap before
{Heap before GC invocations=57 (full 0):
 garbage-first heap   total 295936K, used 247175K [0x0000000080000000, 0x0000000100000000)
  region size 1024K, 72 young (73728K), 4 survivors (4096K)
 Metaspace       used 107055K, committed 108736K, reserved 557056K
  class space    used 15096K, committed 15936K, reserved 425984K
}
Event: 43.752 GC heap after
{Heap after GC invocations=58 (full 0):
 garbage-first heap   total 295936K, used 183626K [0x0000000080000000, 0x0000000100000000)
  region size 1024K, 9 young (9216K), 9 survivors (9216K)
 Metaspace       used 107055K, committed 108736K, reserved 557056K
  class space    used 15096K, committed 15936K, reserved 425984K
}
Event: 44.137 GC heap before
{Heap before GC invocations=58 (full 0):
 garbage-first heap   total 295936K, used 248138K [0x0000000080000000, 0x0000000100000000)
  region size 1024K, 72 young (73728K), 9 survivors (9216K)
 Metaspace       used 107184K, committed 108864K, reserved 557056K
  class space    used 15125K, committed 15936K, reserved 425984K
}
Event: 44.154 GC heap after
{Heap after GC invocations=59 (full 0):
 garbage-first heap   total 295936K, used 186448K [0x0000000080000000, 0x0000000100000000)
  region size 1024K, 4 young (4096K), 4 survivors (4096K)
 Metaspace       used 107184K, committed 108864K, reserved 557056K
  class space    used 15125K, committed 15936K, reserved 425984K
}
Event: 44.490 GC heap before
{Heap before GC invocations=59 (full 0):
 garbage-first heap   total 295936K, used 249936K [0x0000000080000000, 0x0000000100000000)
  region size 1024K, 67 young (68608K), 4 survivors (4096K)
 Metaspace       used 107237K, committed 108864K, reserved 557056K
  class space    used 15135K, committed 15936K, reserved 425984K
}
Event: 44.612 GC heap after
{Heap after GC invocations=60 (full 0):
 garbage-first heap   total 295936K, used 188322K [0x0000000080000000, 0x0000000100000000)
  region size 1024K, 6 young (6144K), 6 survivors (6144K)
 Metaspace       used 107237K, committed 108864K, reserved 557056K
  class space    used 15135K, committed 15936K, reserved 425984K
}

